

Started GET "/cars" for 127.0.0.1 at 2016-11-20 11:07:30 -0200

ActiveRecord::PendingMigrationError (

Migrations are pending. To resolve this issue, run:

	bin/rake db:migrate RAILS_ENV=development

):
  activerecord (4.2.5) lib/active_record/migration.rb:392:in `check_pending!'
  activerecord (4.2.5) lib/active_record/migration.rb:373:in `call'
  actionpack (4.2.5) lib/action_dispatch/middleware/callbacks.rb:29:in `block in call'
  activesupport (4.2.5) lib/active_support/callbacks.rb:88:in `__run_callbacks__'
  activesupport (4.2.5) lib/active_support/callbacks.rb:778:in `_run_call_callbacks'
  activesupport (4.2.5) lib/active_support/callbacks.rb:81:in `run_callbacks'
  actionpack (4.2.5) lib/action_dispatch/middleware/callbacks.rb:27:in `call'
  actionpack (4.2.5) lib/action_dispatch/middleware/reloader.rb:73:in `call'
  actionpack (4.2.5) lib/action_dispatch/middleware/remote_ip.rb:78:in `call'
  actionpack (4.2.5) lib/action_dispatch/middleware/debug_exceptions.rb:17:in `call'
  web-console (2.3.0) lib/web_console/middleware.rb:28:in `block in call'
  web-console (2.3.0) lib/web_console/middleware.rb:18:in `catch'
  web-console (2.3.0) lib/web_console/middleware.rb:18:in `call'
  actionpack (4.2.5) lib/action_dispatch/middleware/show_exceptions.rb:30:in `call'
  railties (4.2.5) lib/rails/rack/logger.rb:38:in `call_app'
  railties (4.2.5) lib/rails/rack/logger.rb:20:in `block in call'
  activesupport (4.2.5) lib/active_support/tagged_logging.rb:68:in `block in tagged'
  activesupport (4.2.5) lib/active_support/tagged_logging.rb:26:in `tagged'
  activesupport (4.2.5) lib/active_support/tagged_logging.rb:68:in `tagged'
  railties (4.2.5) lib/rails/rack/logger.rb:20:in `call'
  actionpack (4.2.5) lib/action_dispatch/middleware/request_id.rb:21:in `call'
  rack (1.6.5) lib/rack/methodoverride.rb:22:in `call'
  rack (1.6.5) lib/rack/runtime.rb:18:in `call'
  activesupport (4.2.5) lib/active_support/cache/strategy/local_cache_middleware.rb:28:in `call'
  rack (1.6.5) lib/rack/lock.rb:17:in `call'
  actionpack (4.2.5) lib/action_dispatch/middleware/static.rb:116:in `call'
  rack (1.6.5) lib/rack/sendfile.rb:113:in `call'
  railties (4.2.5) lib/rails/engine.rb:518:in `call'
  railties (4.2.5) lib/rails/application.rb:165:in `call'
  rack (1.6.5) lib/rack/lock.rb:17:in `call'
  rack (1.6.5) lib/rack/content_length.rb:15:in `call'
  rack (1.6.5) lib/rack/handler/webrick.rb:88:in `service'
  /home/ricardo/.rvm/rubies/ruby-2.2.0/lib/ruby/2.2.0/webrick/httpserver.rb:138:in `service'
  /home/ricardo/.rvm/rubies/ruby-2.2.0/lib/ruby/2.2.0/webrick/httpserver.rb:94:in `run'
  /home/ricardo/.rvm/rubies/ruby-2.2.0/lib/ruby/2.2.0/webrick/server.rb:294:in `block in start_thread'


  Rendered /home/ricardo/.rvm/gems/ruby-2.2.0@rails-4.2.0/gems/actionpack-4.2.5/lib/action_dispatch/middleware/templates/rescues/_source.erb (3.7ms)
  Rendered /home/ricardo/.rvm/gems/ruby-2.2.0@rails-4.2.0/gems/actionpack-4.2.5/lib/action_dispatch/middleware/templates/rescues/_trace.html.erb (2.1ms)
  Rendered /home/ricardo/.rvm/gems/ruby-2.2.0@rails-4.2.0/gems/actionpack-4.2.5/lib/action_dispatch/middleware/templates/rescues/_request_and_response.html.erb (1.3ms)
  Rendered /home/ricardo/.rvm/gems/ruby-2.2.0@rails-4.2.0/gems/actionpack-4.2.5/lib/action_dispatch/middleware/templates/rescues/diagnostics.html.erb within rescues/layout (34.6ms)
  Rendered /home/ricardo/.rvm/gems/ruby-2.2.0@rails-4.2.0/gems/web-console-2.3.0/lib/web_console/templates/_markup.html.erb (0.5ms)
  Rendered /home/ricardo/.rvm/gems/ruby-2.2.0@rails-4.2.0/gems/web-console-2.3.0/lib/web_console/templates/_inner_console_markup.html.erb within layouts/inlined_string (0.5ms)
  Rendered /home/ricardo/.rvm/gems/ruby-2.2.0@rails-4.2.0/gems/web-console-2.3.0/lib/web_console/templates/_prompt_box_markup.html.erb within layouts/inlined_string (0.3ms)
  Rendered /home/ricardo/.rvm/gems/ruby-2.2.0@rails-4.2.0/gems/web-console-2.3.0/lib/web_console/templates/style.css.erb within layouts/inlined_string (0.5ms)
  Rendered /home/ricardo/.rvm/gems/ruby-2.2.0@rails-4.2.0/gems/web-console-2.3.0/lib/web_console/templates/console.js.erb within layouts/javascript (55.4ms)
  Rendered /home/ricardo/.rvm/gems/ruby-2.2.0@rails-4.2.0/gems/web-console-2.3.0/lib/web_console/templates/main.js.erb within layouts/javascript (0.4ms)
  Rendered /home/ricardo/.rvm/gems/ruby-2.2.0@rails-4.2.0/gems/web-console-2.3.0/lib/web_console/templates/error_page.js.erb within layouts/javascript (0.6ms)
  Rendered /home/ricardo/.rvm/gems/ruby-2.2.0@rails-4.2.0/gems/web-console-2.3.0/lib/web_console/templates/index.html.erb (89.2ms)
  [1m[36m (162.0ms)[0m  [1mCREATE TABLE "schema_migrations" ("version" varchar NOT NULL) [0m
  [1m[35m (0.1ms)[0m  select sqlite_version(*)
  [1m[36m (99.8ms)[0m  [1mCREATE UNIQUE INDEX "unique_schema_migrations" ON "schema_migrations" ("version")[0m
  [1m[35mActiveRecord::SchemaMigration Load (0.2ms)[0m  SELECT "schema_migrations".* FROM "schema_migrations"
Migrating to CreateCars (20161120130700)
  [1m[36m (0.1ms)[0m  [1mbegin transaction[0m
  [1m[35m (0.5ms)[0m  CREATE TABLE "cars" ("id" INTEGER PRIMARY KEY AUTOINCREMENT NOT NULL, "name" varchar, "year" date, "color" varchar, "created_at" datetime NOT NULL, "updated_at" datetime NOT NULL) 
  [1m[36mSQL (0.3ms)[0m  [1mINSERT INTO "schema_migrations" ("version") VALUES (?)[0m  [["version", "20161120130700"]]
  [1m[35m (106.1ms)[0m  commit transaction
  [1m[36mActiveRecord::SchemaMigration Load (0.2ms)[0m  [1mSELECT "schema_migrations".* FROM "schema_migrations"[0m


Started GET "/cars" for 127.0.0.1 at 2016-11-20 11:22:22 -0200
  [1m[36mActiveRecord::SchemaMigration Load (0.1ms)[0m  [1mSELECT "schema_migrations".* FROM "schema_migrations"[0m
Processing by CarsController#index as HTML
  [1m[35mCar Load (0.2ms)[0m  SELECT "cars".* FROM "cars"
  Rendered cars/index.html.erb within layouts/application (3.4ms)
Completed 200 OK in 2537ms (Views: 2497.2ms | ActiveRecord: 0.3ms)


Started GET "/assets/cars.self-e3b0c44298fc1c149afbf4c8996fb92427ae41e4649b934ca495991b7852b855.css?body=1" for 127.0.0.1 at 2016-11-20 11:22:24 -0200


Started GET "/assets/scaffolds.self-9406de0744a577c3129c306ee83b644a1e463d023a8fd0d6e2dc9c543cf0d897.css?body=1" for 127.0.0.1 at 2016-11-20 11:22:24 -0200


Started GET "/assets/jquery.self-bd7ddd393353a8d2480a622e80342adf488fb6006d667e8b42e4c0073393abee.js?body=1" for 127.0.0.1 at 2016-11-20 11:22:24 -0200


Started GET "/assets/application.self-e80e8f2318043e8af94dddc2adad5a4f09739a8ebb323b3ab31cd71d45fd9113.css?body=1" for 127.0.0.1 at 2016-11-20 11:22:24 -0200


Started GET "/assets/jquery_ujs.self-784a997f6726036b1993eb2217c9cb558e1cbb801c6da88105588c56f13b466a.js?body=1" for 127.0.0.1 at 2016-11-20 11:22:24 -0200


Started GET "/assets/turbolinks.self-c5acd7a204f5f25ce7a1d8a0e4d92e28d34c9e2df2c7371cd7af88e147e4ad82.js?body=1" for 127.0.0.1 at 2016-11-20 11:22:24 -0200


Started GET "/assets/cars.self-877aef30ae1b040ab8a3aba4e3e309a11d7f2612f44dde450b5c157aa5f95c05.js?body=1" for 127.0.0.1 at 2016-11-20 11:22:24 -0200


Started GET "/assets/application.self-3b8dabdc891efe46b9a144b400ad69e37d7e5876bdc39dee783419a69d7ca819.js?body=1" for 127.0.0.1 at 2016-11-20 11:22:24 -0200


Started GET "/cars/new" for 127.0.0.1 at 2016-11-20 11:22:27 -0200
Processing by CarsController#new as HTML
  Rendered cars/_form.html.erb (50.9ms)
  Rendered cars/new.html.erb within layouts/application (54.9ms)
Completed 200 OK in 83ms (Views: 74.8ms | ActiveRecord: 0.3ms)


Started POST "/cars" for 127.0.0.1 at 2016-11-20 11:22:30 -0200
Processing by CarsController#create as HTML
  Parameters: {"utf8"=>"✓", "authenticity_token"=>"0Mxwo6p3A0K+Ouv9wEphZ1IMESPOSZby8he/gQ+jlFuLAhcmZWM8sey5+DwvYZTAzcZoYNweWq8t6yxBynoTBQ==", "car"=>{"name"=>"", "year(1i)"=>"2016", "year(2i)"=>"11", "year(3i)"=>"20", "color"=>""}, "commit"=>"Create Car"}
  [1m[36m (0.1ms)[0m  [1mbegin transaction[0m
  [1m[35m (0.1ms)[0m  rollback transaction
  Rendered cars/_form.html.erb (5.9ms)
  Rendered cars/new.html.erb within layouts/application (6.8ms)
Completed 200 OK in 29ms (Views: 24.9ms | ActiveRecord: 0.2ms)


Started POST "/cars" for 127.0.0.1 at 2016-11-20 11:22:54 -0200
Processing by CarsController#create as HTML
  Parameters: {"utf8"=>"✓", "authenticity_token"=>"0Atg2PM62RB1f329xBglQKfpkBLrAgzVxokIGsYQA06LxQddPC7m4yf8bnwrM9DnOCPpUflVwIgZdZvaA8mEEA==", "car"=>{"name"=>"Palio", "year(1i)"=>"2016", "year(2i)"=>"11", "year(3i)"=>"20", "color"=>"Prata"}, "commit"=>"Create Car"}
  [1m[36m (0.1ms)[0m  [1mbegin transaction[0m
  [1m[35mSQL (0.5ms)[0m  INSERT INTO "cars" ("name", "color", "year", "created_at", "updated_at") VALUES (?, ?, ?, ?, ?)  [["name", "Palio"], ["color", "Prata"], ["year", "2016-11-20"], ["created_at", "2016-11-20 13:22:54.257559"], ["updated_at", "2016-11-20 13:22:54.257559"]]
  [1m[36m (132.7ms)[0m  [1mcommit transaction[0m
Redirected to http://localhost:3000/cars/1
Completed 302 Found in 142ms (ActiveRecord: 133.2ms)


Started GET "/cars/1" for 127.0.0.1 at 2016-11-20 11:22:54 -0200
Processing by CarsController#show as HTML
  Parameters: {"id"=>"1"}
  [1m[35mCar Load (0.2ms)[0m  SELECT  "cars".* FROM "cars" WHERE "cars"."id" = ? LIMIT 1  [["id", 1]]
  Rendered cars/show.html.erb within layouts/application (1.1ms)
Completed 200 OK in 57ms (Views: 18.6ms | ActiveRecord: 0.2ms)


Started GET "/cars" for 127.0.0.1 at 2016-11-20 11:22:58 -0200
Processing by CarsController#index as HTML
  [1m[36mCar Load (0.2ms)[0m  [1mSELECT "cars".* FROM "cars"[0m
  Rendered cars/index.html.erb within layouts/application (1.9ms)
Completed 200 OK in 21ms (Views: 20.4ms | ActiveRecord: 0.2ms)


Started GET "/cars" for 127.0.0.1 at 2016-11-20 11:26:15 -0200
Processing by CarsController#index as HTML
  Rendered cars/index.html.erb within layouts/application (3.6ms)
Completed 500 Internal Server Error in 9ms (ActiveRecord: 0.0ms)

ActionView::Template::Error (undefined method `each' for nil:NilClass):
    13:   </thead>
    14: 
    15:   <tbody>
    16:     <% @cars.each do |car| %>
    17:       <tr>
    18:         <td><%= car.name %></td>
    19:         <td><%= car.year %></td>
  app/views/cars/index.html.erb:16:in `_app_views_cars_index_html_erb__63442069_85381400'


  Rendered /home/ricardo/.rvm/gems/ruby-2.2.0@rails-4.2.0/gems/actionpack-4.2.5/lib/action_dispatch/middleware/templates/rescues/_source.erb (10.2ms)
  Rendered /home/ricardo/.rvm/gems/ruby-2.2.0@rails-4.2.0/gems/actionpack-4.2.5/lib/action_dispatch/middleware/templates/rescues/_trace.html.erb (3.9ms)
  Rendered /home/ricardo/.rvm/gems/ruby-2.2.0@rails-4.2.0/gems/actionpack-4.2.5/lib/action_dispatch/middleware/templates/rescues/_request_and_response.html.erb (1.3ms)
  Rendered /home/ricardo/.rvm/gems/ruby-2.2.0@rails-4.2.0/gems/actionpack-4.2.5/lib/action_dispatch/middleware/templates/rescues/template_error.html.erb within rescues/layout (39.8ms)
  Rendered /home/ricardo/.rvm/gems/ruby-2.2.0@rails-4.2.0/gems/web-console-2.3.0/lib/web_console/templates/_markup.html.erb (0.6ms)
  Rendered /home/ricardo/.rvm/gems/ruby-2.2.0@rails-4.2.0/gems/web-console-2.3.0/lib/web_console/templates/_inner_console_markup.html.erb within layouts/inlined_string (0.4ms)
  Rendered /home/ricardo/.rvm/gems/ruby-2.2.0@rails-4.2.0/gems/web-console-2.3.0/lib/web_console/templates/_prompt_box_markup.html.erb within layouts/inlined_string (0.4ms)
  Rendered /home/ricardo/.rvm/gems/ruby-2.2.0@rails-4.2.0/gems/web-console-2.3.0/lib/web_console/templates/style.css.erb within layouts/inlined_string (0.5ms)
  Rendered /home/ricardo/.rvm/gems/ruby-2.2.0@rails-4.2.0/gems/web-console-2.3.0/lib/web_console/templates/console.js.erb within layouts/javascript (28.4ms)
  Rendered /home/ricardo/.rvm/gems/ruby-2.2.0@rails-4.2.0/gems/web-console-2.3.0/lib/web_console/templates/main.js.erb within layouts/javascript (0.4ms)
  Rendered /home/ricardo/.rvm/gems/ruby-2.2.0@rails-4.2.0/gems/web-console-2.3.0/lib/web_console/templates/error_page.js.erb within layouts/javascript (0.6ms)
  Rendered /home/ricardo/.rvm/gems/ruby-2.2.0@rails-4.2.0/gems/web-console-2.3.0/lib/web_console/templates/index.html.erb (57.1ms)


Started GET "/cars" for 127.0.0.1 at 2016-11-20 11:27:32 -0200
Processing by CarsController#index as HTML
  Rendered cars/index.html.erb within layouts/application (2.1ms)
Completed 500 Internal Server Error in 7ms (ActiveRecord: 0.0ms)

ActionView::Template::Error (undefined method `each' for nil:NilClass):
    13:   </thead>
    14: 
    15:   <tbody>
    16:     <% @cars.each do |car| %>
    17:       <tr>
    18:         <td><%= car.name %></td>
    19:         <td><%= car.year %></td>
  app/views/cars/index.html.erb:16:in `_app_views_cars_index_html_erb__63442069_85381400'


  Rendered /home/ricardo/.rvm/gems/ruby-2.2.0@rails-4.2.0/gems/actionpack-4.2.5/lib/action_dispatch/middleware/templates/rescues/_source.erb (8.9ms)
  Rendered /home/ricardo/.rvm/gems/ruby-2.2.0@rails-4.2.0/gems/actionpack-4.2.5/lib/action_dispatch/middleware/templates/rescues/_trace.html.erb (3.7ms)
  Rendered /home/ricardo/.rvm/gems/ruby-2.2.0@rails-4.2.0/gems/actionpack-4.2.5/lib/action_dispatch/middleware/templates/rescues/_request_and_response.html.erb (1.5ms)
  Rendered /home/ricardo/.rvm/gems/ruby-2.2.0@rails-4.2.0/gems/actionpack-4.2.5/lib/action_dispatch/middleware/templates/rescues/template_error.html.erb within rescues/layout (38.1ms)
  Rendered /home/ricardo/.rvm/gems/ruby-2.2.0@rails-4.2.0/gems/web-console-2.3.0/lib/web_console/templates/_markup.html.erb (0.5ms)
  Rendered /home/ricardo/.rvm/gems/ruby-2.2.0@rails-4.2.0/gems/web-console-2.3.0/lib/web_console/templates/_inner_console_markup.html.erb within layouts/inlined_string (0.4ms)
  Rendered /home/ricardo/.rvm/gems/ruby-2.2.0@rails-4.2.0/gems/web-console-2.3.0/lib/web_console/templates/_prompt_box_markup.html.erb within layouts/inlined_string (0.5ms)
  Rendered /home/ricardo/.rvm/gems/ruby-2.2.0@rails-4.2.0/gems/web-console-2.3.0/lib/web_console/templates/style.css.erb within layouts/inlined_string (0.5ms)
  Rendered /home/ricardo/.rvm/gems/ruby-2.2.0@rails-4.2.0/gems/web-console-2.3.0/lib/web_console/templates/console.js.erb within layouts/javascript (28.5ms)
  Rendered /home/ricardo/.rvm/gems/ruby-2.2.0@rails-4.2.0/gems/web-console-2.3.0/lib/web_console/templates/main.js.erb within layouts/javascript (0.4ms)
  Rendered /home/ricardo/.rvm/gems/ruby-2.2.0@rails-4.2.0/gems/web-console-2.3.0/lib/web_console/templates/error_page.js.erb within layouts/javascript (0.6ms)
  Rendered /home/ricardo/.rvm/gems/ruby-2.2.0@rails-4.2.0/gems/web-console-2.3.0/lib/web_console/templates/index.html.erb (56.8ms)


Started GET "/cars" for 127.0.0.1 at 2016-11-20 11:27:48 -0200
Processing by CarsController#index as HTML
  Rendered cars/index.html.erb within layouts/application (2.1ms)
Completed 500 Internal Server Error in 7ms (ActiveRecord: 0.0ms)

ActionView::Template::Error (undefined method `each' for nil:NilClass):
    13:   </thead>
    14: 
    15:   <tbody>
    16:     <% @cars.each do |car| %>
    17:       <tr>
    18:         <td><%= car.name %></td>
    19:         <td><%= car.year %></td>
  app/views/cars/index.html.erb:16:in `_app_views_cars_index_html_erb__63442069_85381400'


  Rendered /home/ricardo/.rvm/gems/ruby-2.2.0@rails-4.2.0/gems/actionpack-4.2.5/lib/action_dispatch/middleware/templates/rescues/_source.erb (9.6ms)
  Rendered /home/ricardo/.rvm/gems/ruby-2.2.0@rails-4.2.0/gems/actionpack-4.2.5/lib/action_dispatch/middleware/templates/rescues/_trace.html.erb (3.6ms)
  Rendered /home/ricardo/.rvm/gems/ruby-2.2.0@rails-4.2.0/gems/actionpack-4.2.5/lib/action_dispatch/middleware/templates/rescues/_request_and_response.html.erb (2.2ms)
  Rendered /home/ricardo/.rvm/gems/ruby-2.2.0@rails-4.2.0/gems/actionpack-4.2.5/lib/action_dispatch/middleware/templates/rescues/template_error.html.erb within rescues/layout (40.9ms)
  Rendered /home/ricardo/.rvm/gems/ruby-2.2.0@rails-4.2.0/gems/web-console-2.3.0/lib/web_console/templates/_markup.html.erb (0.5ms)
  Rendered /home/ricardo/.rvm/gems/ruby-2.2.0@rails-4.2.0/gems/web-console-2.3.0/lib/web_console/templates/_inner_console_markup.html.erb within layouts/inlined_string (0.4ms)
  Rendered /home/ricardo/.rvm/gems/ruby-2.2.0@rails-4.2.0/gems/web-console-2.3.0/lib/web_console/templates/_prompt_box_markup.html.erb within layouts/inlined_string (0.4ms)
  Rendered /home/ricardo/.rvm/gems/ruby-2.2.0@rails-4.2.0/gems/web-console-2.3.0/lib/web_console/templates/style.css.erb within layouts/inlined_string (0.4ms)
  Rendered /home/ricardo/.rvm/gems/ruby-2.2.0@rails-4.2.0/gems/web-console-2.3.0/lib/web_console/templates/console.js.erb within layouts/javascript (29.0ms)
  Rendered /home/ricardo/.rvm/gems/ruby-2.2.0@rails-4.2.0/gems/web-console-2.3.0/lib/web_console/templates/main.js.erb within layouts/javascript (0.4ms)
  Rendered /home/ricardo/.rvm/gems/ruby-2.2.0@rails-4.2.0/gems/web-console-2.3.0/lib/web_console/templates/error_page.js.erb within layouts/javascript (0.6ms)
  Rendered /home/ricardo/.rvm/gems/ruby-2.2.0@rails-4.2.0/gems/web-console-2.3.0/lib/web_console/templates/index.html.erb (58.3ms)


Started GET "/cars" for 127.0.0.1 at 2016-11-20 11:28:13 -0200
Processing by CarsController#index as HTML
  Rendered cars/index.html.erb within layouts/application (2.2ms)
Completed 500 Internal Server Error in 9ms (ActiveRecord: 0.0ms)

ActionView::Template::Error (undefined method `each' for nil:NilClass):
    13:   </thead>
    14: 
    15:   <tbody>
    16:     <% @cars.each do |car| %>
    17:       <tr>
    18:         <td><%= car.name %></td>
    19:         <td><%= car.year %></td>
  app/views/cars/index.html.erb:16:in `_app_views_cars_index_html_erb__63442069_85381400'


  Rendered /home/ricardo/.rvm/gems/ruby-2.2.0@rails-4.2.0/gems/actionpack-4.2.5/lib/action_dispatch/middleware/templates/rescues/_source.erb (8.6ms)
  Rendered /home/ricardo/.rvm/gems/ruby-2.2.0@rails-4.2.0/gems/actionpack-4.2.5/lib/action_dispatch/middleware/templates/rescues/_trace.html.erb (3.4ms)
  Rendered /home/ricardo/.rvm/gems/ruby-2.2.0@rails-4.2.0/gems/actionpack-4.2.5/lib/action_dispatch/middleware/templates/rescues/_request_and_response.html.erb (1.2ms)
  Rendered /home/ricardo/.rvm/gems/ruby-2.2.0@rails-4.2.0/gems/actionpack-4.2.5/lib/action_dispatch/middleware/templates/rescues/template_error.html.erb within rescues/layout (37.7ms)
  Rendered /home/ricardo/.rvm/gems/ruby-2.2.0@rails-4.2.0/gems/web-console-2.3.0/lib/web_console/templates/_markup.html.erb (0.5ms)
  Rendered /home/ricardo/.rvm/gems/ruby-2.2.0@rails-4.2.0/gems/web-console-2.3.0/lib/web_console/templates/_inner_console_markup.html.erb within layouts/inlined_string (0.4ms)
  Rendered /home/ricardo/.rvm/gems/ruby-2.2.0@rails-4.2.0/gems/web-console-2.3.0/lib/web_console/templates/_prompt_box_markup.html.erb within layouts/inlined_string (0.4ms)
  Rendered /home/ricardo/.rvm/gems/ruby-2.2.0@rails-4.2.0/gems/web-console-2.3.0/lib/web_console/templates/style.css.erb within layouts/inlined_string (0.5ms)
  Rendered /home/ricardo/.rvm/gems/ruby-2.2.0@rails-4.2.0/gems/web-console-2.3.0/lib/web_console/templates/console.js.erb within layouts/javascript (28.3ms)
  Rendered /home/ricardo/.rvm/gems/ruby-2.2.0@rails-4.2.0/gems/web-console-2.3.0/lib/web_console/templates/main.js.erb within layouts/javascript (0.4ms)
  Rendered /home/ricardo/.rvm/gems/ruby-2.2.0@rails-4.2.0/gems/web-console-2.3.0/lib/web_console/templates/error_page.js.erb within layouts/javascript (0.5ms)
  Rendered /home/ricardo/.rvm/gems/ruby-2.2.0@rails-4.2.0/gems/web-console-2.3.0/lib/web_console/templates/index.html.erb (57.4ms)


Started GET "/cars" for 127.0.0.1 at 2016-11-20 11:28:18 -0200
Processing by CarsController#index as HTML
  [1m[35mCar Load (0.4ms)[0m  SELECT "cars".* FROM "cars"
  Rendered cars/index.html.erb within layouts/application (7.3ms)
Completed 200 OK in 31ms (Views: 28.1ms | ActiveRecord: 0.8ms)
  [1m[36mCar Load (1.6ms)[0m  [1mSELECT "cars".* FROM "cars"[0m
  [1m[35m (0.3ms)[0m  begin transaction
  [1m[36m (0.1ms)[0m  [1mrollback transaction[0m
  [1m[35m (0.1ms)[0m  begin transaction
  [1m[36mSQL (0.5ms)[0m  [1mINSERT INTO "cars" ("name", "color", "created_at", "updated_at") VALUES (?, ?, ?, ?)[0m  [["name", "Gol"], ["color", "branca"], ["created_at", "2016-11-20 13:37:12.272521"], ["updated_at", "2016-11-20 13:37:12.272521"]]
  [1m[35m (178.1ms)[0m  commit transaction
  [1m[36m (0.1ms)[0m  [1mbegin transaction[0m
  [1m[35mSQL (0.2ms)[0m  INSERT INTO "cars" ("name", "color", "created_at", "updated_at") VALUES (?, ?, ?, ?)  [["name", "Gol"], ["color", "branca"], ["created_at", "2016-11-20 13:37:26.051495"], ["updated_at", "2016-11-20 13:37:26.051495"]]
  [1m[36m (140.9ms)[0m  [1mcommit transaction[0m
  [1m[35mCar Load (0.4ms)[0m  SELECT "cars".* FROM "cars"
  [1m[36m (0.2ms)[0m  [1mbegin transaction[0m
  [1m[35mSQL (0.4ms)[0m  INSERT INTO "cars" ("name", "color", "created_at", "updated_at") VALUES (?, ?, ?, ?)  [["name", "Voyage"], ["color", "vermelha"], ["created_at", "2016-11-20 13:38:09.206575"], ["updated_at", "2016-11-20 13:38:09.206575"]]
  [1m[36m (181.3ms)[0m  [1mcommit transaction[0m
  [1m[35mCar Load (0.5ms)[0m  SELECT  "cars".* FROM "cars" WHERE "cars"."id" = ? LIMIT 1  [["id", 3]]
  [1m[36m (0.2ms)[0m  [1mbegin transaction[0m
  [1m[35mSQL (0.4ms)[0m  INSERT INTO "cars" ("name", "color", "created_at", "updated_at") VALUES (?, ?, ?, ?)  [["name", "Fusca"], ["color", "Amarela"], ["created_at", "2016-11-20 13:42:47.493147"], ["updated_at", "2016-11-20 13:42:47.493147"]]
  [1m[36m (142.0ms)[0m  [1mcommit transaction[0m
  [1m[35mCar Load (0.5ms)[0m  SELECT "cars".* FROM "cars"
  [1m[36m (0.1ms)[0m  [1mbegin transaction[0m
  [1m[35mSQL (0.4ms)[0m  UPDATE "cars" SET "name" = ?, "updated_at" = ? WHERE "cars"."id" = ?  [["name", "Ferrari"], ["updated_at", "2016-11-20 13:44:42.741532"], ["id", 3]]
  [1m[36m (169.4ms)[0m  [1mcommit transaction[0m
  [1m[35m (0.2ms)[0m  begin transaction
  [1m[36m (0.1ms)[0m  [1mrollback transaction[0m
  [1m[35m (0.2ms)[0m  begin transaction
  [1m[36mSQL (0.4ms)[0m  [1mINSERT INTO "cars" ("name", "color", "created_at", "updated_at") VALUES (?, ?, ?, ?)[0m  [["name", "s10"], ["color", "cinza"], ["created_at", "2016-11-20 13:48:53.741433"], ["updated_at", "2016-11-20 13:48:53.741433"]]
  [1m[35m (179.9ms)[0m  commit transaction
  [1m[36mCar Load (0.5ms)[0m  [1mSELECT "cars".* FROM "cars"[0m
  [1m[35mCar Load (0.2ms)[0m  SELECT  "cars".* FROM "cars" WHERE "cars"."id" = ? LIMIT 1  [["id", 6]]
  [1m[36m (0.2ms)[0m  [1mbegin transaction[0m
  [1m[35mSQL (0.3ms)[0m  UPDATE "cars" SET "name" = ?, "updated_at" = ? WHERE "cars"."id" = ?  [["name", "Pajero"], ["updated_at", "2016-11-20 13:50:50.472669"], ["id", 6]]
  [1m[36m (165.2ms)[0m  [1mcommit transaction[0m
  [1m[35m (0.2ms)[0m  begin transaction
  [1m[36mSQL (0.4ms)[0m  [1mINSERT INTO "cars" ("name", "color", "created_at", "updated_at") VALUES (?, ?, ?, ?)[0m  [["name", "Onix"], ["color", "Roxo"], ["created_at", "2016-11-20 13:51:33.039704"], ["updated_at", "2016-11-20 13:51:33.039704"]]
  [1m[35m (249.3ms)[0m  commit transaction
  [1m[36mCar Load (0.3ms)[0m  [1mSELECT  "cars".* FROM "cars" WHERE "cars"."id" = ? LIMIT 1[0m  [["id", 1]]
  [1m[35m (0.2ms)[0m  begin transaction
  [1m[36mSQL (0.3ms)[0m  [1mUPDATE "cars" SET "name" = ?, "updated_at" = ? WHERE "cars"."id" = ?[0m  [["name", "Corsa"], ["updated_at", "2016-11-20 13:53:06.087488"], ["id", 1]]
  [1m[35m (108.7ms)[0m  commit transaction
  [1m[36m (0.2ms)[0m  [1mbegin transaction[0m
  [1m[35mSQL (0.5ms)[0m  UPDATE "cars" SET "color" = ?, "updated_at" = ? WHERE "cars"."id" = ?  [["color", "branca"], ["updated_at", "2016-11-20 13:53:23.196766"], ["id", 1]]
  [1m[36m (141.6ms)[0m  [1mcommit transaction[0m


Started GET "/cars" for 127.0.0.1 at 2016-11-20 11:55:04 -0200
  [1m[36mActiveRecord::SchemaMigration Load (0.1ms)[0m  [1mSELECT "schema_migrations".* FROM "schema_migrations"[0m
Processing by CarsController#index as HTML
  [1m[35mCar Load (0.2ms)[0m  SELECT "cars".* FROM "cars"
  Rendered cars/index.html.erb within layouts/application (12.2ms)
Completed 200 OK in 360ms (Views: 343.2ms | ActiveRecord: 0.6ms)


Started GET "/cars" for 127.0.0.1 at 2016-11-20 11:56:46 -0200
Processing by CarsController#index as HTML
Completed 500 Internal Server Error in 2ms (ActiveRecord: 0.0ms)

NoMethodError (undefined method `validates' for Car:Class):
  app/models/car.rb:2:in `<class:Car>'
  app/models/car.rb:1:in `<top (required)>'
  app/controllers/cars_controller.rb:7:in `index'


  Rendered /home/ricardo/.rvm/gems/ruby-2.2.0@rails-4.2.0/gems/actionpack-4.2.5/lib/action_dispatch/middleware/templates/rescues/_source.erb (7.0ms)
  Rendered /home/ricardo/.rvm/gems/ruby-2.2.0@rails-4.2.0/gems/actionpack-4.2.5/lib/action_dispatch/middleware/templates/rescues/_trace.html.erb (3.1ms)
  Rendered /home/ricardo/.rvm/gems/ruby-2.2.0@rails-4.2.0/gems/actionpack-4.2.5/lib/action_dispatch/middleware/templates/rescues/_request_and_response.html.erb (1.2ms)
  Rendered /home/ricardo/.rvm/gems/ruby-2.2.0@rails-4.2.0/gems/actionpack-4.2.5/lib/action_dispatch/middleware/templates/rescues/diagnostics.html.erb within rescues/layout (35.5ms)
  Rendered /home/ricardo/.rvm/gems/ruby-2.2.0@rails-4.2.0/gems/web-console-2.3.0/lib/web_console/templates/_markup.html.erb (0.6ms)
  Rendered /home/ricardo/.rvm/gems/ruby-2.2.0@rails-4.2.0/gems/web-console-2.3.0/lib/web_console/templates/_inner_console_markup.html.erb within layouts/inlined_string (0.4ms)
  Rendered /home/ricardo/.rvm/gems/ruby-2.2.0@rails-4.2.0/gems/web-console-2.3.0/lib/web_console/templates/_prompt_box_markup.html.erb within layouts/inlined_string (0.4ms)
  Rendered /home/ricardo/.rvm/gems/ruby-2.2.0@rails-4.2.0/gems/web-console-2.3.0/lib/web_console/templates/style.css.erb within layouts/inlined_string (0.5ms)
  Rendered /home/ricardo/.rvm/gems/ruby-2.2.0@rails-4.2.0/gems/web-console-2.3.0/lib/web_console/templates/console.js.erb within layouts/javascript (50.5ms)
  Rendered /home/ricardo/.rvm/gems/ruby-2.2.0@rails-4.2.0/gems/web-console-2.3.0/lib/web_console/templates/main.js.erb within layouts/javascript (0.5ms)
  Rendered /home/ricardo/.rvm/gems/ruby-2.2.0@rails-4.2.0/gems/web-console-2.3.0/lib/web_console/templates/error_page.js.erb within layouts/javascript (0.5ms)
  Rendered /home/ricardo/.rvm/gems/ruby-2.2.0@rails-4.2.0/gems/web-console-2.3.0/lib/web_console/templates/index.html.erb (81.8ms)


Started GET "/cars" for 127.0.0.1 at 2016-11-20 11:57:13 -0200
Processing by CarsController#index as HTML
  [1m[36mCar Load (0.4ms)[0m  [1mSELECT "cars".* FROM "cars"[0m
  Rendered cars/index.html.erb within layouts/application (9.5ms)
Completed 200 OK in 36ms (Views: 32.9ms | ActiveRecord: 0.8ms)


Started GET "/cars" for 127.0.0.1 at 2016-11-20 11:58:03 -0200
Processing by CarsController#index as HTML
  [1m[35mCar Load (0.3ms)[0m  SELECT "cars".* FROM "cars" WHERE "cars"."id" = ?  [["id", 1]]
  Rendered cars/index.html.erb within layouts/application (8.5ms)
Completed 200 OK in 36ms (Views: 28.7ms | ActiveRecord: 0.9ms)


Started GET "/cars" for 127.0.0.1 at 2016-11-20 11:58:18 -0200
Processing by CarsController#index as HTML
  [1m[36mCar Load (0.2ms)[0m  [1mSELECT  "cars".* FROM "cars" WHERE "cars"."id" = ? LIMIT 1[0m  [["id", 1]]
  Rendered cars/index.html.erb within layouts/application (2.9ms)
Completed 500 Internal Server Error in 18ms (ActiveRecord: 0.9ms)

ActionView::Template::Error (undefined method `each' for #<Car:0xb50486c4>):
    13:   </thead>
    14: 
    15:   <tbody>
    16:     <% @cars.each do |car| %>
    17:       <tr>
    18:         <td><%= car.name %></td>
    19:         <td><%= car.year %></td>
  app/views/cars/index.html.erb:16:in `_app_views_cars_index_html_erb___484913402_92596690'


  Rendered /home/ricardo/.rvm/gems/ruby-2.2.0@rails-4.2.0/gems/actionpack-4.2.5/lib/action_dispatch/middleware/templates/rescues/_source.erb (9.3ms)
  Rendered /home/ricardo/.rvm/gems/ruby-2.2.0@rails-4.2.0/gems/actionpack-4.2.5/lib/action_dispatch/middleware/templates/rescues/_trace.html.erb (3.6ms)
  Rendered /home/ricardo/.rvm/gems/ruby-2.2.0@rails-4.2.0/gems/actionpack-4.2.5/lib/action_dispatch/middleware/templates/rescues/_request_and_response.html.erb (1.3ms)
  Rendered /home/ricardo/.rvm/gems/ruby-2.2.0@rails-4.2.0/gems/actionpack-4.2.5/lib/action_dispatch/middleware/templates/rescues/template_error.html.erb within rescues/layout (38.4ms)
  Rendered /home/ricardo/.rvm/gems/ruby-2.2.0@rails-4.2.0/gems/web-console-2.3.0/lib/web_console/templates/_markup.html.erb (0.4ms)
  Rendered /home/ricardo/.rvm/gems/ruby-2.2.0@rails-4.2.0/gems/web-console-2.3.0/lib/web_console/templates/_inner_console_markup.html.erb within layouts/inlined_string (0.6ms)
  Rendered /home/ricardo/.rvm/gems/ruby-2.2.0@rails-4.2.0/gems/web-console-2.3.0/lib/web_console/templates/_prompt_box_markup.html.erb within layouts/inlined_string (0.5ms)
  Rendered /home/ricardo/.rvm/gems/ruby-2.2.0@rails-4.2.0/gems/web-console-2.3.0/lib/web_console/templates/style.css.erb within layouts/inlined_string (0.4ms)
  Rendered /home/ricardo/.rvm/gems/ruby-2.2.0@rails-4.2.0/gems/web-console-2.3.0/lib/web_console/templates/console.js.erb within layouts/javascript (28.2ms)
  Rendered /home/ricardo/.rvm/gems/ruby-2.2.0@rails-4.2.0/gems/web-console-2.3.0/lib/web_console/templates/main.js.erb within layouts/javascript (0.5ms)
  Rendered /home/ricardo/.rvm/gems/ruby-2.2.0@rails-4.2.0/gems/web-console-2.3.0/lib/web_console/templates/error_page.js.erb within layouts/javascript (0.7ms)
  Rendered /home/ricardo/.rvm/gems/ruby-2.2.0@rails-4.2.0/gems/web-console-2.3.0/lib/web_console/templates/index.html.erb (56.7ms)


Started GET "/cars" for 127.0.0.1 at 2016-11-20 11:58:46 -0200
Processing by CarsController#index as HTML
  [1m[35mCar Load (0.2ms)[0m  SELECT "cars".* FROM "cars" WHERE "cars"."id" = ?  [["id", 1]]
  Rendered cars/index.html.erb within layouts/application (6.2ms)
Completed 200 OK in 31ms (Views: 26.5ms | ActiveRecord: 0.9ms)


Started GET "/cars" for 127.0.0.1 at 2016-11-20 11:59:01 -0200
Processing by CarsController#index as HTML
  [1m[36mCar Load (0.3ms)[0m  [1mSELECT "cars".* FROM "cars" WHERE "cars"."id" = ? AND "cars"."name" = ?[0m  [["id", 1], ["name", "Ferrari"]]
  Rendered cars/index.html.erb within layouts/application (1.3ms)
Completed 200 OK in 26ms (Views: 22.1ms | ActiveRecord: 0.6ms)


Started GET "/cars" for 127.0.0.1 at 2016-11-20 11:59:17 -0200
Processing by CarsController#index as HTML
  [1m[35mCar Load (0.3ms)[0m  SELECT "cars".* FROM "cars" WHERE "cars"."id" = ? AND "cars"."name" = ?  [["id", 2], ["name", "Ferrari"]]
  Rendered cars/index.html.erb within layouts/application (1.3ms)
Completed 200 OK in 26ms (Views: 22.2ms | ActiveRecord: 0.6ms)


Started GET "/cars" for 127.0.0.1 at 2016-11-20 11:59:20 -0200
Processing by CarsController#index as HTML
  [1m[36mCar Load (0.2ms)[0m  [1mSELECT "cars".* FROM "cars" WHERE "cars"."id" = ? AND "cars"."name" = ?[0m  [["id", 3], ["name", "Ferrari"]]
  Rendered cars/index.html.erb within layouts/application (6.3ms)
Completed 200 OK in 31ms (Views: 27.0ms | ActiveRecord: 0.9ms)


Started GET "/cars" for 127.0.0.1 at 2016-11-20 11:59:29 -0200
Processing by CarsController#index as HTML
  [1m[35mCar Load (0.2ms)[0m  SELECT "cars".* FROM "cars" WHERE "cars"."id" = ? AND "cars"."name" = ?  [["id", 3], ["name", "Ferrari"]]
  Rendered cars/index.html.erb within layouts/application (6.3ms)
Completed 200 OK in 32ms (Views: 27.6ms | ActiveRecord: 0.9ms)


Started GET "/cars" for 127.0.0.1 at 2016-11-20 12:00:01 -0200
Processing by CarsController#index as HTML
  [1m[36mCar Load (0.2ms)[0m  [1mSELECT "cars".* FROM "cars" WHERE "cars"."id" = ? AND "cars"."name" = ? AND "cars"."color" = ?[0m  [["id", 3], ["name", "Ferrari"], ["color", "branca"]]
  Rendered cars/index.html.erb within layouts/application (14.8ms)
Completed 200 OK in 40ms (Views: 35.7ms | ActiveRecord: 0.9ms)


Started GET "/cars/1" for 127.0.0.1 at 2016-11-20 12:01:44 -0200
Processing by CarsController#show as HTML
  Parameters: {"id"=>"1"}
  [1m[35mCar Load (0.4ms)[0m  SELECT  "cars".* FROM "cars" WHERE "cars"."id" = ? LIMIT 1  [["id", 1]]
  Rendered cars/show.html.erb within layouts/application (1.1ms)
Completed 200 OK in 26ms (Views: 23.0ms | ActiveRecord: 0.4ms)


Started GET "/cars.json" for 127.0.0.1 at 2016-11-20 12:06:47 -0200
Processing by CarsController#index as JSON
  [1m[36mCar Load (0.4ms)[0m  [1mSELECT "cars".* FROM "cars"[0m
  Rendered cars/_car.json.jbuilder (1.3ms)
  Rendered cars/_car.json.jbuilder (0.4ms)
  Rendered cars/_car.json.jbuilder (0.4ms)
  Rendered cars/_car.json.jbuilder (0.4ms)
  Rendered cars/_car.json.jbuilder (0.6ms)
  Rendered cars/_car.json.jbuilder (0.4ms)
  Rendered cars/_car.json.jbuilder (0.4ms)
  Rendered cars/index.json.jbuilder (135.1ms)
Completed 200 OK in 142ms (Views: 138.8ms | ActiveRecord: 0.9ms)


Started GET "/cars" for 127.0.0.1 at 2016-11-20 12:07:11 -0200
Processing by CarsController#index as HTML
  [1m[35mCar Load (0.3ms)[0m  SELECT "cars".* FROM "cars"
  Rendered cars/index.html.erb within layouts/application (4.0ms)
Completed 200 OK in 27ms (Views: 25.2ms | ActiveRecord: 0.3ms)


Started GET "/cars.json" for 127.0.0.1 at 2016-11-20 12:07:15 -0200
Processing by CarsController#index as JSON
  [1m[36mCar Load (0.3ms)[0m  [1mSELECT "cars".* FROM "cars"[0m
  Rendered cars/_car.json.jbuilder (0.8ms)
  Rendered cars/_car.json.jbuilder (0.5ms)
  Rendered cars/_car.json.jbuilder (0.4ms)
  Rendered cars/_car.json.jbuilder (0.4ms)
  Rendered cars/_car.json.jbuilder (0.4ms)
  Rendered cars/_car.json.jbuilder (0.4ms)
  Rendered cars/_car.json.jbuilder (0.4ms)
  Rendered cars/index.json.jbuilder (9.0ms)
Completed 200 OK in 12ms (Views: 10.9ms | ActiveRecord: 0.3ms)


Started GET "/cars" for 127.0.0.1 at 2016-11-20 12:16:16 -0200
  [1m[36mActiveRecord::SchemaMigration Load (0.1ms)[0m  [1mSELECT "schema_migrations".* FROM "schema_migrations"[0m

ActiveRecord::PendingMigrationError (

Migrations are pending. To resolve this issue, run:

	bin/rake db:migrate RAILS_ENV=development

):
  activerecord (4.2.5) lib/active_record/migration.rb:392:in `check_pending!'
  activerecord (4.2.5) lib/active_record/migration.rb:373:in `call'
  actionpack (4.2.5) lib/action_dispatch/middleware/callbacks.rb:29:in `block in call'
  activesupport (4.2.5) lib/active_support/callbacks.rb:88:in `__run_callbacks__'
  activesupport (4.2.5) lib/active_support/callbacks.rb:778:in `_run_call_callbacks'
  activesupport (4.2.5) lib/active_support/callbacks.rb:81:in `run_callbacks'
  actionpack (4.2.5) lib/action_dispatch/middleware/callbacks.rb:27:in `call'
  actionpack (4.2.5) lib/action_dispatch/middleware/reloader.rb:73:in `call'
  actionpack (4.2.5) lib/action_dispatch/middleware/remote_ip.rb:78:in `call'
  actionpack (4.2.5) lib/action_dispatch/middleware/debug_exceptions.rb:17:in `call'
  web-console (2.3.0) lib/web_console/middleware.rb:28:in `block in call'
  web-console (2.3.0) lib/web_console/middleware.rb:18:in `catch'
  web-console (2.3.0) lib/web_console/middleware.rb:18:in `call'
  actionpack (4.2.5) lib/action_dispatch/middleware/show_exceptions.rb:30:in `call'
  railties (4.2.5) lib/rails/rack/logger.rb:38:in `call_app'
  railties (4.2.5) lib/rails/rack/logger.rb:20:in `block in call'
  activesupport (4.2.5) lib/active_support/tagged_logging.rb:68:in `block in tagged'
  activesupport (4.2.5) lib/active_support/tagged_logging.rb:26:in `tagged'
  activesupport (4.2.5) lib/active_support/tagged_logging.rb:68:in `tagged'
  railties (4.2.5) lib/rails/rack/logger.rb:20:in `call'
  actionpack (4.2.5) lib/action_dispatch/middleware/request_id.rb:21:in `call'
  rack (1.6.5) lib/rack/methodoverride.rb:22:in `call'
  rack (1.6.5) lib/rack/runtime.rb:18:in `call'
  activesupport (4.2.5) lib/active_support/cache/strategy/local_cache_middleware.rb:28:in `call'
  rack (1.6.5) lib/rack/lock.rb:17:in `call'
  actionpack (4.2.5) lib/action_dispatch/middleware/static.rb:116:in `call'
  rack (1.6.5) lib/rack/sendfile.rb:113:in `call'
  railties (4.2.5) lib/rails/engine.rb:518:in `call'
  railties (4.2.5) lib/rails/application.rb:165:in `call'
  rack (1.6.5) lib/rack/lock.rb:17:in `call'
  rack (1.6.5) lib/rack/content_length.rb:15:in `call'
  rack (1.6.5) lib/rack/handler/webrick.rb:88:in `service'
  /home/ricardo/.rvm/rubies/ruby-2.2.0/lib/ruby/2.2.0/webrick/httpserver.rb:138:in `service'
  /home/ricardo/.rvm/rubies/ruby-2.2.0/lib/ruby/2.2.0/webrick/httpserver.rb:94:in `run'
  /home/ricardo/.rvm/rubies/ruby-2.2.0/lib/ruby/2.2.0/webrick/server.rb:294:in `block in start_thread'


  Rendered /home/ricardo/.rvm/gems/ruby-2.2.0@rails-4.2.0/gems/actionpack-4.2.5/lib/action_dispatch/middleware/templates/rescues/_source.erb (3.5ms)
  Rendered /home/ricardo/.rvm/gems/ruby-2.2.0@rails-4.2.0/gems/actionpack-4.2.5/lib/action_dispatch/middleware/templates/rescues/_trace.html.erb (2.2ms)
  Rendered /home/ricardo/.rvm/gems/ruby-2.2.0@rails-4.2.0/gems/actionpack-4.2.5/lib/action_dispatch/middleware/templates/rescues/_request_and_response.html.erb (1.2ms)
  Rendered /home/ricardo/.rvm/gems/ruby-2.2.0@rails-4.2.0/gems/actionpack-4.2.5/lib/action_dispatch/middleware/templates/rescues/diagnostics.html.erb within rescues/layout (32.4ms)
  Rendered /home/ricardo/.rvm/gems/ruby-2.2.0@rails-4.2.0/gems/web-console-2.3.0/lib/web_console/templates/_markup.html.erb (0.5ms)
  Rendered /home/ricardo/.rvm/gems/ruby-2.2.0@rails-4.2.0/gems/web-console-2.3.0/lib/web_console/templates/_inner_console_markup.html.erb within layouts/inlined_string (0.4ms)
  Rendered /home/ricardo/.rvm/gems/ruby-2.2.0@rails-4.2.0/gems/web-console-2.3.0/lib/web_console/templates/_prompt_box_markup.html.erb within layouts/inlined_string (0.4ms)
  Rendered /home/ricardo/.rvm/gems/ruby-2.2.0@rails-4.2.0/gems/web-console-2.3.0/lib/web_console/templates/style.css.erb within layouts/inlined_string (0.5ms)
  Rendered /home/ricardo/.rvm/gems/ruby-2.2.0@rails-4.2.0/gems/web-console-2.3.0/lib/web_console/templates/console.js.erb within layouts/javascript (33.3ms)
  Rendered /home/ricardo/.rvm/gems/ruby-2.2.0@rails-4.2.0/gems/web-console-2.3.0/lib/web_console/templates/main.js.erb within layouts/javascript (0.4ms)
  Rendered /home/ricardo/.rvm/gems/ruby-2.2.0@rails-4.2.0/gems/web-console-2.3.0/lib/web_console/templates/error_page.js.erb within layouts/javascript (0.5ms)
  Rendered /home/ricardo/.rvm/gems/ruby-2.2.0@rails-4.2.0/gems/web-console-2.3.0/lib/web_console/templates/index.html.erb (64.5ms)
  [1m[36mActiveRecord::SchemaMigration Load (0.1ms)[0m  [1mSELECT "schema_migrations".* FROM "schema_migrations"[0m
Migrating to AddEngineToCars (20161120141446)
  [1m[35m (0.1ms)[0m  begin transaction
  [1m[36m (0.5ms)[0m  [1mALTER TABLE "cars" ADD "engine" varchar[0m
  [1m[35mSQL (0.2ms)[0m  INSERT INTO "schema_migrations" ("version") VALUES (?)  [["version", "20161120141446"]]
  [1m[36m (136.3ms)[0m  [1mcommit transaction[0m
  [1m[35mActiveRecord::SchemaMigration Load (0.2ms)[0m  SELECT "schema_migrations".* FROM "schema_migrations"


Started GET "/cars" for 127.0.0.1 at 2016-11-20 12:17:27 -0200
  [1m[36mActiveRecord::SchemaMigration Load (0.1ms)[0m  [1mSELECT "schema_migrations".* FROM "schema_migrations"[0m
Processing by CarsController#index as HTML
  [1m[35mCar Load (0.3ms)[0m  SELECT "cars".* FROM "cars"
  Rendered cars/index.html.erb within layouts/application (12.7ms)
Completed 200 OK in 283ms (Views: 265.8ms | ActiveRecord: 0.7ms)


Started GET "/cars" for 127.0.0.1 at 2016-11-20 12:18:42 -0200
Processing by CarsController#index as HTML
  [1m[36mCar Load (0.3ms)[0m  [1mSELECT "cars".* FROM "cars"[0m
  Rendered cars/index.html.erb within layouts/application (4.3ms)
Completed 200 OK in 23ms (Views: 22.0ms | ActiveRecord: 0.3ms)


Started GET "/cars/1/edit" for 127.0.0.1 at 2016-11-20 12:19:00 -0200
Processing by CarsController#edit as HTML
  Parameters: {"id"=>"1"}
  [1m[35mCar Load (0.3ms)[0m  SELECT  "cars".* FROM "cars" WHERE "cars"."id" = ? LIMIT 1  [["id", 1]]
  Rendered cars/_form.html.erb (22.6ms)
  Rendered cars/edit.html.erb within layouts/application (27.3ms)
Completed 200 OK in 80ms (Views: 70.1ms | ActiveRecord: 0.3ms)


Started GET "/cars/new" for 127.0.0.1 at 2016-11-20 12:20:03 -0200
Processing by CarsController#new as HTML
  Rendered cars/_form.html.erb (5.6ms)
  Rendered cars/new.html.erb within layouts/application (7.4ms)
Completed 200 OK in 29ms (Views: 27.9ms | ActiveRecord: 0.0ms)


Started POST "/cars" for 127.0.0.1 at 2016-11-20 12:21:40 -0200
Processing by CarsController#create as HTML
  Parameters: {"utf8"=>"✓", "authenticity_token"=>"+satgZbkn8BnlxFUWLulch2dAxq0QvISUaXdDWsMfbKhCMoEWfCgMzUUApW3kFDVgld6WaYVPk+OWU7NrtX67A==", "car"=>{"name"=>"Fiat147", "year(1i)"=>"2016", "year(2i)"=>"11", "year(3i)"=>"20", "color"=>"branca"}, "commit"=>"Create Car"}
  [1m[36m (0.1ms)[0m  [1mbegin transaction[0m
  [1m[35mSQL (0.4ms)[0m  INSERT INTO "cars" ("name", "color", "year", "created_at", "updated_at") VALUES (?, ?, ?, ?, ?)  [["name", "Fiat147"], ["color", "branca"], ["year", "2016-11-20"], ["created_at", "2016-11-20 14:21:40.921856"], ["updated_at", "2016-11-20 14:21:40.921856"]]
  [1m[36m (114.0ms)[0m  [1mcommit transaction[0m
Redirected to http://localhost:3000/cars/8
Completed 302 Found in 120ms (ActiveRecord: 114.6ms)


Started GET "/cars/8" for 127.0.0.1 at 2016-11-20 12:21:41 -0200
Processing by CarsController#show as HTML
  Parameters: {"id"=>"8"}
  [1m[35mCar Load (0.1ms)[0m  SELECT  "cars".* FROM "cars" WHERE "cars"."id" = ? LIMIT 1  [["id", 8]]
  Rendered cars/show.html.erb within layouts/application (1.1ms)
Completed 200 OK in 24ms (Views: 22.5ms | ActiveRecord: 0.1ms)


Started GET "/cars" for 127.0.0.1 at 2016-11-20 12:27:31 -0200
Processing by CarsController#index as HTML
  [1m[36mCar Load (0.5ms)[0m  [1mSELECT "cars".* FROM "cars"[0m
  Rendered cars/index.html.erb within layouts/application (10.8ms)
Completed 200 OK in 38ms (Views: 34.8ms | ActiveRecord: 0.9ms)


Started GET "/cars/new" for 127.0.0.1 at 2016-11-20 12:27:34 -0200
Processing by CarsController#new as HTML
  Rendered cars/_form.html.erb (5.6ms)
  Rendered cars/new.html.erb within layouts/application (6.5ms)
Completed 200 OK in 42ms (Views: 31.8ms | ActiveRecord: 0.0ms)


Started POST "/cars" for 127.0.0.1 at 2016-11-20 12:27:37 -0200
Processing by CarsController#create as HTML
  Parameters: {"utf8"=>"✓", "authenticity_token"=>"SqW5ns+P9z4Oc2r4a3j4JHDDP1GP3OIkOMyyGA8i79QRa94bAJvIzVzweTmEUw2D7wlGEp2LLnnnMCHYyvtoig==", "car"=>{"name"=>"", "year(1i)"=>"2016", "year(2i)"=>"11", "year(3i)"=>"20", "color"=>""}, "commit"=>"Create Car"}
  [1m[35m (0.1ms)[0m  begin transaction
  [1m[36m (0.1ms)[0m  [1mrollback transaction[0m
  Rendered cars/_form.html.erb (8.1ms)
  Rendered cars/new.html.erb within layouts/application (9.4ms)
Completed 200 OK in 44ms (Views: 36.9ms | ActiveRecord: 0.2ms)


Started GET "/cars" for 127.0.0.1 at 2016-11-20 12:28:35 -0200
Processing by CarsController#index as HTML
  [1m[35mCar Load (0.2ms)[0m  SELECT "cars".* FROM "cars"
  Rendered cars/index.html.erb within layouts/application (5.1ms)
Completed 200 OK in 32ms (Views: 30.6ms | ActiveRecord: 0.2ms)


Started GET "/cars/new" for 127.0.0.1 at 2016-11-20 12:28:38 -0200
Processing by CarsController#new as HTML
  Rendered cars/_form.html.erb (14.0ms)
  Rendered cars/new.html.erb within layouts/application (15.0ms)
Completed 200 OK in 40ms (Views: 38.2ms | ActiveRecord: 0.0ms)


Started POST "/cars" for 127.0.0.1 at 2016-11-20 12:29:14 -0200
Processing by CarsController#create as HTML
  Parameters: {"utf8"=>"✓", "authenticity_token"=>"t/V3ZR//vMuO+yDdA+J/zqcmUL8ZpRVEL7bgEkEtw33sOxDg0OuDONx4MxzsyYppOOwp/Avy2RnwSnPShPREIw==", "car"=>{"name"=>"Uno", "year(1i)"=>"2016", "year(2i)"=>"11", "year(3i)"=>"20", "color"=>"Cinza", "engine"=>"2.0"}, "commit"=>"Create Car"}
  [1m[36m (0.1ms)[0m  [1mbegin transaction[0m
  [1m[35mSQL (0.3ms)[0m  INSERT INTO "cars" ("name", "color", "engine", "year", "created_at", "updated_at") VALUES (?, ?, ?, ?, ?, ?)  [["name", "Uno"], ["color", "Cinza"], ["engine", "2.0"], ["year", "2016-11-20"], ["created_at", "2016-11-20 14:29:14.050037"], ["updated_at", "2016-11-20 14:29:14.050037"]]
  [1m[36m (130.4ms)[0m  [1mcommit transaction[0m
Redirected to http://localhost:3000/cars/9
Completed 302 Found in 139ms (ActiveRecord: 130.8ms)


Started GET "/cars/9" for 127.0.0.1 at 2016-11-20 12:29:14 -0200
Processing by CarsController#show as HTML
  Parameters: {"id"=>"9"}
  [1m[35mCar Load (0.3ms)[0m  SELECT  "cars".* FROM "cars" WHERE "cars"."id" = ? LIMIT 1  [["id", 9]]
  Rendered cars/show.html.erb within layouts/application (0.5ms)
Completed 200 OK in 24ms (Views: 20.9ms | ActiveRecord: 0.3ms)


Started GET "/cars" for 127.0.0.1 at 2016-11-20 12:29:16 -0200
Processing by CarsController#index as HTML
  [1m[36mCar Load (0.4ms)[0m  [1mSELECT "cars".* FROM "cars"[0m
  Rendered cars/index.html.erb within layouts/application (7.1ms)
Completed 200 OK in 36ms (Views: 34.4ms | ActiveRecord: 0.4ms)


Started GET "/cars/9/edit" for 127.0.0.1 at 2016-11-20 12:29:23 -0200
Processing by CarsController#edit as HTML
  Parameters: {"id"=>"9"}
  [1m[35mCar Load (0.1ms)[0m  SELECT  "cars".* FROM "cars" WHERE "cars"."id" = ? LIMIT 1  [["id", 9]]
  Rendered cars/_form.html.erb (5.1ms)
  Rendered cars/edit.html.erb within layouts/application (6.2ms)
Completed 200 OK in 25ms (Views: 23.8ms | ActiveRecord: 0.1ms)


Started GET "/cars" for 127.0.0.1 at 2016-11-20 12:31:09 -0200
Processing by CarsController#index as HTML
  [1m[36mCar Load (0.4ms)[0m  [1mSELECT "cars".* FROM "cars"[0m
  Rendered cars/index.html.erb within layouts/application (10.1ms)
Completed 200 OK in 33ms (Views: 29.4ms | ActiveRecord: 0.8ms)


Started GET "/cars/new" for 127.0.0.1 at 2016-11-20 12:31:10 -0200
Processing by CarsController#new as HTML
  Rendered cars/_form.html.erb (5.4ms)
  Rendered cars/new.html.erb within layouts/application (6.5ms)
Completed 200 OK in 26ms (Views: 24.5ms | ActiveRecord: 0.0ms)


Started POST "/cars" for 127.0.0.1 at 2016-11-20 12:31:26 -0200
Processing by CarsController#create as HTML
  Parameters: {"utf8"=>"✓", "authenticity_token"=>"RXiioAcTe/fBCIFJsLbNIRcQOMIrcYS9tGBvQrapmW0etsUlyAdEBJOLkohfnTiGiNpBgTkmSOBrnPyCc3AeMw==", "car"=>{"name"=>"Qualquer coisa", "year(1i)"=>"2016", "year(2i)"=>"11", "year(3i)"=>"20", "color"=>"Cinza", "engine"=>"2.4"}, "commit"=>"Create Car"}
Unpermitted parameter: engine
  [1m[35m (0.1ms)[0m  begin transaction
  [1m[36mSQL (0.3ms)[0m  [1mINSERT INTO "cars" ("name", "color", "year", "created_at", "updated_at") VALUES (?, ?, ?, ?, ?)[0m  [["name", "Qualquer coisa"], ["color", "Cinza"], ["year", "2016-11-20"], ["created_at", "2016-11-20 14:31:26.375178"], ["updated_at", "2016-11-20 14:31:26.375178"]]
  [1m[35m (164.8ms)[0m  commit transaction
Redirected to http://localhost:3000/cars/10
Completed 302 Found in 170ms (ActiveRecord: 165.1ms)


Started GET "/cars/10" for 127.0.0.1 at 2016-11-20 12:31:26 -0200
Processing by CarsController#show as HTML
  Parameters: {"id"=>"10"}
  [1m[36mCar Load (0.3ms)[0m  [1mSELECT  "cars".* FROM "cars" WHERE "cars"."id" = ? LIMIT 1[0m  [["id", 10]]
  Rendered cars/show.html.erb within layouts/application (0.4ms)
Completed 200 OK in 21ms (Views: 18.8ms | ActiveRecord: 0.3ms)


Started GET "/cars" for 127.0.0.1 at 2016-11-20 12:31:28 -0200
Processing by CarsController#index as HTML
  [1m[35mCar Load (0.3ms)[0m  SELECT "cars".* FROM "cars"
  Rendered cars/index.html.erb within layouts/application (5.8ms)
Completed 200 OK in 27ms (Views: 25.3ms | ActiveRecord: 0.3ms)


Started GET "/cars/new" for 127.0.0.1 at 2016-11-20 12:33:27 -0200
Processing by CarsController#new as HTML
  Rendered cars/_form.html.erb (6.0ms)
  Rendered cars/new.html.erb within layouts/application (6.9ms)
Completed 200 OK in 35ms (Views: 26.4ms | ActiveRecord: 0.7ms)


Started GET "/cars/new" for 127.0.0.1 at 2016-11-20 12:33:41 -0200
Processing by CarsController#new as HTML
  Rendered cars/_form.html.erb (6.7ms)
  Rendered cars/new.html.erb within layouts/application (7.8ms)
Completed 200 OK in 28ms (Views: 27.1ms | ActiveRecord: 0.0ms)


Started GET "/cars/new" for 127.0.0.1 at 2016-11-20 12:35:30 -0200
Processing by CarsController#new as HTML
  Rendered cars/_form.html.erb (27.0ms)
  Rendered cars/new.html.erb within layouts/application (28.0ms)
Completed 200 OK in 54ms (Views: 53.2ms | ActiveRecord: 0.0ms)


Started GET "/cars/new" for 127.0.0.1 at 2016-11-20 12:36:48 -0200
Processing by CarsController#new as HTML
  Rendered cars/_form.html.erb (5.4ms)
  Rendered cars/new.html.erb within layouts/application (6.3ms)
Completed 200 OK in 26ms (Views: 25.2ms | ActiveRecord: 0.0ms)


Started POST "/cars" for 127.0.0.1 at 2016-11-20 12:41:16 -0200
Processing by CarsController#create as HTML
  Parameters: {"utf8"=>"✓", "authenticity_token"=>"RNyBYOhbkLEzF+7YIBWu7zrcnFaAyVgdycnQleuC+RwfEublJ0+vQmGU/RnPPltIpRblFZKelEAWNUNVLlt+Qg==", "car"=>{"name"=>"", "year(1i)"=>"2016", "year(2i)"=>"11", "year(3i)"=>"20", "color"=>"", "engine"=>""}, "commit"=>"Create Car"}
  [1m[36m (0.2ms)[0m  [1mbegin transaction[0m
  [1m[35m (0.1ms)[0m  rollback transaction
  Rendered cars/_form.html.erb (6.7ms)
  Rendered cars/new.html.erb within layouts/application (7.8ms)
Completed 200 OK in 33ms (Views: 26.7ms | ActiveRecord: 0.2ms)


Started GET "/cars" for 127.0.0.1 at 2016-11-20 12:45:16 -0200
Processing by CarsController#index as HTML
  [1m[36mCar Load (0.3ms)[0m  [1mSELECT "cars".* FROM "cars"[0m
  Rendered cars/index.html.erb within layouts/application (4.4ms)
Completed 200 OK in 23ms (Views: 22.4ms | ActiveRecord: 0.3ms)


Started GET "/cars/new" for 127.0.0.1 at 2016-11-20 12:45:18 -0200
Processing by CarsController#new as HTML
  Rendered cars/_form.html.erb (6.9ms)
  Rendered cars/new.html.erb within layouts/application (7.7ms)
Completed 200 OK in 28ms (Views: 26.4ms | ActiveRecord: 0.0ms)


Started GET "/cars" for 127.0.0.1 at 2016-11-20 12:45:24 -0200
Processing by CarsController#index as HTML
  [1m[35mCar Load (0.3ms)[0m  SELECT "cars".* FROM "cars"
  Rendered cars/index.html.erb within layouts/application (5.3ms)
Completed 200 OK in 25ms (Views: 24.0ms | ActiveRecord: 0.3ms)


Started GET "/cars/new" for 127.0.0.1 at 2016-11-20 12:45:32 -0200
Processing by CarsController#new as HTML
  Rendered cars/_form.html.erb (6.2ms)
  Rendered cars/new.html.erb within layouts/application (7.3ms)
Completed 200 OK in 27ms (Views: 26.0ms | ActiveRecord: 0.0ms)


Started POST "/cars" for 127.0.0.1 at 2016-11-20 12:47:29 -0200
Processing by CarsController#create as HTML
  Parameters: {"utf8"=>"✓", "authenticity_token"=>"z5bbrMQdbpIKZUo1OFrZLGk9Uit0ipDT5p9zyLv/DZCUWLwpCwlRYVjmWfTXcSyL9vcraGbdXI45Y+AIfiaKzg==", "car"=>{"name"=>"", "year(1i)"=>"2016", "year(2i)"=>"11", "year(3i)"=>"20", "color"=>"", "engine"=>""}, "commit"=>"Create Car"}
  [1m[36m (0.1ms)[0m  [1mbegin transaction[0m
  [1m[35m (0.1ms)[0m  rollback transaction
  Rendered cars/_form.html.erb (9.3ms)
  Rendered cars/new.html.erb within layouts/application (10.2ms)
Completed 200 OK in 32ms (Views: 28.2ms | ActiveRecord: 0.1ms)


Started POST "/cars" for 127.0.0.1 at 2016-11-20 12:47:40 -0200
Processing by CarsController#create as HTML
  Parameters: {"utf8"=>"✓", "authenticity_token"=>"OAyHPW8F3KOvgnm68hVPUouyBgPmGqJXAZCXex4ZNaxjwuC4oBHjUP0BansdPrr1FHh/QPRNbgrebAS728Cy8g==", "car"=>{"name"=>"asdasd", "year(1i)"=>"2016", "year(2i)"=>"11", "year(3i)"=>"20", "color"=>"", "engine"=>""}, "commit"=>"Create Car"}
  [1m[36m (0.1ms)[0m  [1mbegin transaction[0m
  [1m[35m (0.1ms)[0m  rollback transaction
  Rendered cars/_form.html.erb (6.6ms)
  Rendered cars/new.html.erb within layouts/application (7.7ms)
Completed 200 OK in 32ms (Views: 26.8ms | ActiveRecord: 0.3ms)


Started GET "/cars" for 127.0.0.1 at 2016-11-20 12:47:54 -0200
Processing by CarsController#index as HTML
  [1m[36mCar Load (0.3ms)[0m  [1mSELECT "cars".* FROM "cars"[0m
  Rendered cars/index.html.erb within layouts/application (4.5ms)
Completed 200 OK in 24ms (Views: 23.1ms | ActiveRecord: 0.3ms)


Started GET "/cars/new" for 127.0.0.1 at 2016-11-20 12:47:55 -0200
Processing by CarsController#new as HTML
  Rendered cars/_form.html.erb (13.5ms)
  Rendered cars/new.html.erb within layouts/application (14.7ms)
Completed 200 OK in 33ms (Views: 32.0ms | ActiveRecord: 0.0ms)


Started POST "/cars" for 127.0.0.1 at 2016-11-20 12:47:56 -0200
Processing by CarsController#create as HTML
  Parameters: {"utf8"=>"✓", "authenticity_token"=>"8YoTkS0UqKE7o5xXDI0wlhgOYOariLFF0Lczrz3Oa1uqRHQU4gCXUmkgj5bjpsUxh8QZpbnffRgPS6Bv+BfsBQ==", "car"=>{"name"=>"", "year(1i)"=>"2016", "year(2i)"=>"11", "year(3i)"=>"20", "color"=>"", "engine"=>""}, "commit"=>"Create Car"}
  [1m[35m (0.1ms)[0m  begin transaction
  [1m[36m (0.1ms)[0m  [1mrollback transaction[0m
  Rendered cars/_form.html.erb (8.1ms)
  Rendered cars/new.html.erb within layouts/application (9.2ms)
Completed 200 OK in 32ms (Views: 28.4ms | ActiveRecord: 0.1ms)
